<?xml version="1.0" encoding="UTF-8"?>
<testng-results ignored="0" total="1" passed="1" failed="0" skipped="0">
  <reporter-output>
  </reporter-output>
  <suite started-at="2024-07-08T13:53:56 IST" name="Default suite" finished-at="2024-07-08T13:54:04 IST" duration-ms="8086">
    <groups>
    </groups>
    <test started-at="2024-07-08T13:53:56 IST" name="Default test" finished-at="2024-07-08T13:54:04 IST" duration-ms="8086">
      <class name="Questions.UploadFile">
        <test-method is-config="true" signature="bt()[pri:0, instance:Questions.UploadFile@41a0aa7d]" started-at="2024-07-08T13:53:56 IST" name="bt" finished-at="2024-07-08T13:53:59 IST" duration-ms="3439" status="PASS">
          <reporter-output>
          </reporter-output>
        </test-method> <!-- bt -->
        <test-method signature="test()[pri:0, instance:Questions.UploadFile@41a0aa7d]" started-at="2024-07-08T13:53:59 IST" name="test" finished-at="2024-07-08T13:54:03 IST" duration-ms="4223" status="PASS">
          <reporter-output>
          </reporter-output>
        </test-method> <!-- test -->
        <test-method is-config="true" signature="at()[pri:0, instance:Questions.UploadFile@41a0aa7d]" started-at="2024-07-08T13:54:03 IST" name="at" finished-at="2024-07-08T13:54:04 IST" duration-ms="363" status="PASS">
          <reporter-output>
          </reporter-output>
        </test-method> <!-- at -->
      </class> <!-- Questions.UploadFile -->
    </test> <!-- Default test -->
  </suite> <!-- Default suite -->
</testng-results>
